  [1m[36m (9.4ms)[0m  [1mCREATE TABLE "schema_migrations" ("version" varchar(255) NOT NULL) [0m
  [1m[35m (0.1ms)[0m  select sqlite_version(*)
  [1m[36m (1.1ms)[0m  [1mCREATE UNIQUE INDEX "unique_schema_migrations" ON "schema_migrations" ("version")[0m
  [1m[35mActiveRecord::SchemaMigration Load (0.1ms)[0m  SELECT "schema_migrations".* FROM "schema_migrations"
Migrating to CreateRefinerycmsAuthenticationSchema (20150709190251)
  [1m[36m (0.1ms)[0m  [1mbegin transaction[0m
  [1m[35m (0.3ms)[0m  CREATE TABLE "refinery_roles_users" ("user_id" integer, "role_id" integer) 
  [1m[36m (0.1ms)[0m  [1mCREATE  INDEX "index_refinery_roles_users_on_role_id_and_user_id" ON "refinery_roles_users" ("role_id", "user_id")[0m
  [1m[35m (0.1ms)[0m              SELECT sql
            FROM sqlite_master
            WHERE name='index_refinery_roles_users_on_role_id_and_user_id' AND type='index'
            UNION ALL
            SELECT sql
            FROM sqlite_temp_master
            WHERE name='index_refinery_roles_users_on_role_id_and_user_id' AND type='index'

  [1m[36m (0.1ms)[0m  [1mCREATE  INDEX "index_refinery_roles_users_on_user_id_and_role_id" ON "refinery_roles_users" ("user_id", "role_id")[0m
  [1m[35m (0.2ms)[0m  CREATE TABLE "refinery_roles" ("id" INTEGER PRIMARY KEY AUTOINCREMENT NOT NULL, "title" varchar(255)) 
  [1m[36m (0.1ms)[0m  [1mCREATE TABLE "refinery_user_plugins" ("id" INTEGER PRIMARY KEY AUTOINCREMENT NOT NULL, "user_id" integer, "name" varchar(255), "position" integer) [0m
  [1m[35m (0.1ms)[0m  CREATE  INDEX "index_refinery_user_plugins_on_name" ON "refinery_user_plugins" ("name")
  [1m[36m (0.1ms)[0m  [1m            SELECT sql
            FROM sqlite_master
            WHERE name='index_refinery_user_plugins_on_name' AND type='index'
            UNION ALL
            SELECT sql
            FROM sqlite_temp_master
            WHERE name='index_refinery_user_plugins_on_name' AND type='index'
[0m
  [1m[35m (0.8ms)[0m  CREATE UNIQUE INDEX "index_refinery_user_plugins_on_user_id_and_name" ON "refinery_user_plugins" ("user_id", "name")
  [1m[36m (0.2ms)[0m  [1mCREATE TABLE "refinery_users" ("id" INTEGER PRIMARY KEY AUTOINCREMENT NOT NULL, "username" varchar(255) NOT NULL, "email" varchar(255) NOT NULL, "encrypted_password" varchar(255) NOT NULL, "current_sign_in_at" datetime, "last_sign_in_at" datetime, "current_sign_in_ip" varchar(255), "last_sign_in_ip" varchar(255), "sign_in_count" integer, "remember_created_at" datetime, "reset_password_token" varchar(255), "reset_password_sent_at" datetime, "created_at" datetime, "updated_at" datetime) [0m
  [1m[35m (0.1ms)[0m  CREATE  INDEX "index_refinery_users_on_id" ON "refinery_users" ("id")
  [1m[36mSQL (0.2ms)[0m  [1mINSERT INTO "schema_migrations" ("version") VALUES (?)[0m  [["version", "20150709190251"]]
  [1m[35m (1.0ms)[0m  commit transaction
Migrating to AddSlugToRefineryUsers (20150709190252)
  [1m[36m (0.1ms)[0m  [1mbegin transaction[0m
  [1m[35m (0.8ms)[0m  ALTER TABLE "refinery_users" ADD "slug" varchar(255)
  [1m[36m (0.1ms)[0m  [1m            SELECT sql
            FROM sqlite_master
            WHERE name='index_refinery_users_on_id' AND type='index'
            UNION ALL
            SELECT sql
            FROM sqlite_temp_master
            WHERE name='index_refinery_users_on_id' AND type='index'
[0m
  [1m[35m (0.1ms)[0m  CREATE  INDEX "index_refinery_users_on_slug" ON "refinery_users" ("slug")
  [1m[36mSQL (0.1ms)[0m  [1mINSERT INTO "schema_migrations" ("version") VALUES (?)[0m  [["version", "20150709190252"]]
  [1m[35m (0.6ms)[0m  commit transaction
Migrating to AddFullNameToRefineryUsers (20150709190253)
  [1m[36m (0.1ms)[0m  [1mbegin transaction[0m
  [1m[35m (0.3ms)[0m  ALTER TABLE "refinery_users" ADD "full_name" varchar(255)
  [1m[36mSQL (0.1ms)[0m  [1mINSERT INTO "schema_migrations" ("version") VALUES (?)[0m  [["version", "20150709190253"]]
  [1m[35m (0.7ms)[0m  commit transaction
Migrating to CreateRefinerycmsResourcesSchema (20150709190254)
  [1m[36m (0.1ms)[0m  [1mbegin transaction[0m
  [1m[35m (0.3ms)[0m  CREATE TABLE "refinery_resources" ("id" INTEGER PRIMARY KEY AUTOINCREMENT NOT NULL, "file_mime_type" varchar(255), "file_name" varchar(255), "file_size" integer, "file_uid" varchar(255), "file_ext" varchar(255), "created_at" datetime, "updated_at" datetime) 
  [1m[36mSQL (0.1ms)[0m  [1mINSERT INTO "schema_migrations" ("version") VALUES (?)[0m  [["version", "20150709190254"]]
  [1m[35m (0.9ms)[0m  commit transaction
Migrating to CreateRefinerycmsPagesSchema (20150709190255)
  [1m[36m (0.1ms)[0m  [1mbegin transaction[0m
  [1m[35m (0.3ms)[0m  CREATE TABLE "refinery_page_parts" ("id" INTEGER PRIMARY KEY AUTOINCREMENT NOT NULL, "refinery_page_id" integer, "title" varchar(255), "body" text, "position" integer, "created_at" datetime, "updated_at" datetime) 
  [1m[36m (0.1ms)[0m  [1mCREATE  INDEX "index_refinery_page_parts_on_id" ON "refinery_page_parts" ("id")[0m
  [1m[35m (0.1ms)[0m              SELECT sql
            FROM sqlite_master
            WHERE name='index_refinery_page_parts_on_id' AND type='index'
            UNION ALL
            SELECT sql
            FROM sqlite_temp_master
            WHERE name='index_refinery_page_parts_on_id' AND type='index'

  [1m[36m (0.1ms)[0m  [1mCREATE  INDEX "index_refinery_page_parts_on_refinery_page_id" ON "refinery_page_parts" ("refinery_page_id")[0m
  [1m[35m (0.2ms)[0m  CREATE TABLE "refinery_pages" ("id" INTEGER PRIMARY KEY AUTOINCREMENT NOT NULL, "parent_id" integer, "path" varchar(255), "slug" varchar(255), "custom_slug" varchar(255), "show_in_menu" boolean DEFAULT 't', "link_url" varchar(255), "menu_match" varchar(255), "deletable" boolean DEFAULT 't', "draft" boolean DEFAULT 'f', "skip_to_first_child" boolean DEFAULT 'f', "lft" integer, "rgt" integer, "depth" integer, "view_template" varchar(255), "layout_template" varchar(255), "created_at" datetime, "updated_at" datetime) 
  [1m[36m (0.1ms)[0m  [1mCREATE  INDEX "index_refinery_pages_on_depth" ON "refinery_pages" ("depth")[0m
  [1m[35m (0.1ms)[0m              SELECT sql
            FROM sqlite_master
            WHERE name='index_refinery_pages_on_depth' AND type='index'
            UNION ALL
            SELECT sql
            FROM sqlite_temp_master
            WHERE name='index_refinery_pages_on_depth' AND type='index'

  [1m[36m (0.1ms)[0m  [1mCREATE  INDEX "index_refinery_pages_on_id" ON "refinery_pages" ("id")[0m
  [1m[35m (0.1ms)[0m              SELECT sql
            FROM sqlite_master
            WHERE name='index_refinery_pages_on_id' AND type='index'
            UNION ALL
            SELECT sql
            FROM sqlite_temp_master
            WHERE name='index_refinery_pages_on_id' AND type='index'

  [1m[36m (0.0ms)[0m  [1m            SELECT sql
            FROM sqlite_master
            WHERE name='index_refinery_pages_on_depth' AND type='index'
            UNION ALL
            SELECT sql
            FROM sqlite_temp_master
            WHERE name='index_refinery_pages_on_depth' AND type='index'
[0m
  [1m[35m (0.1ms)[0m  CREATE  INDEX "index_refinery_pages_on_lft" ON "refinery_pages" ("lft")
  [1m[36m (0.1ms)[0m  [1m            SELECT sql
            FROM sqlite_master
            WHERE name='index_refinery_pages_on_lft' AND type='index'
            UNION ALL
            SELECT sql
            FROM sqlite_temp_master
            WHERE name='index_refinery_pages_on_lft' AND type='index'
[0m
  [1m[35m (0.1ms)[0m              SELECT sql
            FROM sqlite_master
            WHERE name='index_refinery_pages_on_id' AND type='index'
            UNION ALL
            SELECT sql
            FROM sqlite_temp_master
            WHERE name='index_refinery_pages_on_id' AND type='index'

  [1m[36m (0.0ms)[0m  [1m            SELECT sql
            FROM sqlite_master
            WHERE name='index_refinery_pages_on_depth' AND type='index'
            UNION ALL
            SELECT sql
            FROM sqlite_temp_master
            WHERE name='index_refinery_pages_on_depth' AND type='index'
[0m
  [1m[35m (0.1ms)[0m  CREATE  INDEX "index_refinery_pages_on_parent_id" ON "refinery_pages" ("parent_id")
  [1m[36m (0.1ms)[0m  [1m            SELECT sql
            FROM sqlite_master
            WHERE name='index_refinery_pages_on_parent_id' AND type='index'
            UNION ALL
            SELECT sql
            FROM sqlite_temp_master
            WHERE name='index_refinery_pages_on_parent_id' AND type='index'
[0m
  [1m[35m (0.0ms)[0m              SELECT sql
            FROM sqlite_master
            WHERE name='index_refinery_pages_on_lft' AND type='index'
            UNION ALL
            SELECT sql
            FROM sqlite_temp_master
            WHERE name='index_refinery_pages_on_lft' AND type='index'

  [1m[36m (0.0ms)[0m  [1m            SELECT sql
            FROM sqlite_master
            WHERE name='index_refinery_pages_on_id' AND type='index'
            UNION ALL
            SELECT sql
            FROM sqlite_temp_master
            WHERE name='index_refinery_pages_on_id' AND type='index'
[0m
  [1m[35m (0.0ms)[0m              SELECT sql
            FROM sqlite_master
            WHERE name='index_refinery_pages_on_depth' AND type='index'
            UNION ALL
            SELECT sql
            FROM sqlite_temp_master
            WHERE name='index_refinery_pages_on_depth' AND type='index'

  [1m[36m (0.1ms)[0m  [1mCREATE  INDEX "index_refinery_pages_on_rgt" ON "refinery_pages" ("rgt")[0m
  [1m[35m (0.2ms)[0m  CREATE TABLE "refinery_page_part_translations" ("id" INTEGER PRIMARY KEY AUTOINCREMENT NOT NULL, "refinery_page_part_id" integer NOT NULL, "locale" varchar(255) NOT NULL, "created_at" datetime, "updated_at" datetime) 
  [1m[36m (0.1ms)[0m  [1mALTER TABLE "refinery_page_part_translations" ADD "body" text[0m
  [1m[35m (0.1ms)[0m  CREATE  INDEX "index_refinery_page_part_translations_on_refinery_page_part_id" ON "refinery_page_part_translations" ("refinery_page_part_id")
  [1m[36m (0.0ms)[0m  [1m            SELECT sql
            FROM sqlite_master
            WHERE name='index_refinery_page_part_translations_on_refinery_page_part_id' AND type='index'
            UNION ALL
            SELECT sql
            FROM sqlite_temp_master
            WHERE name='index_refinery_page_part_translations_on_refinery_page_part_id' AND type='index'
[0m
  [1m[35m (0.1ms)[0m  CREATE  INDEX "index_refinery_page_part_translations_on_locale" ON "refinery_page_part_translations" ("locale")
  [1m[36m (0.1ms)[0m  [1mCREATE TABLE "refinery_page_translations" ("id" INTEGER PRIMARY KEY AUTOINCREMENT NOT NULL, "refinery_page_id" integer NOT NULL, "locale" varchar(255) NOT NULL, "created_at" datetime, "updated_at" datetime) [0m
  [1m[35m (0.1ms)[0m  ALTER TABLE "refinery_page_translations" ADD "title" varchar(255)
  [1m[36m (0.1ms)[0m  [1mALTER TABLE "refinery_page_translations" ADD "custom_slug" varchar(255)[0m
  [1m[35m (0.1ms)[0m  ALTER TABLE "refinery_page_translations" ADD "menu_title" varchar(255)
  [1m[36m (0.1ms)[0m  [1mALTER TABLE "refinery_page_translations" ADD "slug" varchar(255)[0m
  [1m[35m (0.1ms)[0m  CREATE  INDEX "index_refinery_page_translations_on_refinery_page_id" ON "refinery_page_translations" ("refinery_page_id")
  [1m[36m (0.0ms)[0m  [1m            SELECT sql
            FROM sqlite_master
            WHERE name='index_refinery_page_translations_on_refinery_page_id' AND type='index'
            UNION ALL
            SELECT sql
            FROM sqlite_temp_master
            WHERE name='index_refinery_page_translations_on_refinery_page_id' AND type='index'
[0m
  [1m[35m (0.1ms)[0m  CREATE  INDEX "index_refinery_page_translations_on_locale" ON "refinery_page_translations" ("locale")
  [1m[36mSQL (0.1ms)[0m  [1mINSERT INTO "schema_migrations" ("version") VALUES (?)[0m  [["version", "20150709190255"]]
  [1m[35m (1.0ms)[0m  commit transaction
Migrating to AddCustomSlugToRefineryPages (20150709190256)
  [1m[36m (0.1ms)[0m  [1mbegin transaction[0m
  [1m[35mSQL (0.2ms)[0m  INSERT INTO "schema_migrations" ("version") VALUES (?)  [["version", "20150709190256"]]
  [1m[36m (0.5ms)[0m  [1mcommit transaction[0m
Migrating to CreateRefinerycmsImagesSchema (20150709190257)
  [1m[35m (0.1ms)[0m  begin transaction
  [1m[36m (0.3ms)[0m  [1mCREATE TABLE "refinery_images" ("id" INTEGER PRIMARY KEY AUTOINCREMENT NOT NULL, "image_mime_type" varchar(255), "image_name" varchar(255), "image_size" integer, "image_width" integer, "image_height" integer, "image_uid" varchar(255), "image_ext" varchar(255), "created_at" datetime, "updated_at" datetime) [0m
  [1m[35mSQL (0.1ms)[0m  INSERT INTO "schema_migrations" ("version") VALUES (?)  [["version", "20150709190257"]]
  [1m[36m (0.5ms)[0m  [1mcommit transaction[0m
Migrating to RemoveImageExtFromRefineryImages (20150709190258)
  [1m[35m (0.1ms)[0m  begin transaction
  [1m[36m (0.3ms)[0m  [1mCREATE TEMPORARY TABLE "arefinery_images" ("id" INTEGER PRIMARY KEY AUTOINCREMENT NOT NULL, "image_mime_type" varchar(255), "image_name" varchar(255), "image_size" integer, "image_width" integer, "image_height" integer, "image_uid" varchar(255), "image_ext" varchar(255), "created_at" datetime, "updated_at" datetime) [0m
  [1m[35m (0.1ms)[0m  SELECT * FROM "refinery_images"
  [1m[36m (1.6ms)[0m  [1mDROP TABLE "refinery_images"[0m
  [1m[35m (0.5ms)[0m  CREATE TABLE "refinery_images" ("id" INTEGER PRIMARY KEY AUTOINCREMENT NOT NULL, "image_mime_type" varchar(255), "image_name" varchar(255), "image_size" integer, "image_width" integer, "image_height" integer, "image_uid" varchar(255), "created_at" datetime, "updated_at" datetime) 
  [1m[36m (0.1ms)[0m  [1mSELECT * FROM "arefinery_images"[0m
  [1m[35m (0.8ms)[0m  DROP TABLE "arefinery_images"
  [1m[36mSQL (0.1ms)[0m  [1mINSERT INTO "schema_migrations" ("version") VALUES (?)[0m  [["version", "20150709190258"]]
  [1m[35m (1.0ms)[0m  commit transaction
Migrating to AddTitleAndAltToRefineryImages (20150709190259)
  [1m[36m (0.1ms)[0m  [1mbegin transaction[0m
  [1m[35m (0.4ms)[0m  ALTER TABLE "refinery_images" ADD "image_title" varchar(255)
  [1m[36m (0.1ms)[0m  [1mALTER TABLE "refinery_images" ADD "image_alt" varchar(255)[0m
  [1m[35mSQL (0.1ms)[0m  INSERT INTO "schema_migrations" ("version") VALUES (?)  [["version", "20150709190259"]]
  [1m[36m (0.7ms)[0m  [1mcommit transaction[0m
Migrating to CreateSeoMeta (20150709190260)
  [1m[35m (0.1ms)[0m  begin transaction
  [1m[36m (0.3ms)[0m  [1mCREATE TABLE "seo_meta" ("id" INTEGER PRIMARY KEY AUTOINCREMENT NOT NULL, "seo_meta_id" integer, "seo_meta_type" varchar(255), "browser_title" varchar(255), "meta_keywords" varchar(255), "meta_description" text, "created_at" datetime, "updated_at" datetime) [0m
  [1m[35m (0.1ms)[0m  CREATE  INDEX "index_seo_meta_on_id" ON "seo_meta" ("id")
  [1m[36m (0.1ms)[0m  [1m            SELECT sql
            FROM sqlite_master
            WHERE name='index_seo_meta_on_id' AND type='index'
            UNION ALL
            SELECT sql
            FROM sqlite_temp_master
            WHERE name='index_seo_meta_on_id' AND type='index'
[0m
  [1m[35m (0.1ms)[0m  CREATE  INDEX "id_type_index_on_seo_meta" ON "seo_meta" ("seo_meta_id", "seo_meta_type")
  [1m[36mSQL (0.1ms)[0m  [1mINSERT INTO "schema_migrations" ("version") VALUES (?)[0m  [["version", "20150709190260"]]
  [1m[35m (0.8ms)[0m  commit transaction
Migrating to RemoveMetaKeywordsFromSeoMeta (20150709190261)
  [1m[36m (0.1ms)[0m  [1mbegin transaction[0m
  [1m[35m (0.2ms)[0m  CREATE TEMPORARY TABLE "aseo_meta" ("id" INTEGER PRIMARY KEY AUTOINCREMENT NOT NULL, "seo_meta_id" integer, "seo_meta_type" varchar(255), "browser_title" varchar(255), "meta_keywords" varchar(255), "meta_description" text, "created_at" datetime, "updated_at" datetime) 
  [1m[36m (0.1ms)[0m  [1m            SELECT sql
            FROM sqlite_master
            WHERE name='id_type_index_on_seo_meta' AND type='index'
            UNION ALL
            SELECT sql
            FROM sqlite_temp_master
            WHERE name='id_type_index_on_seo_meta' AND type='index'
[0m
  [1m[35m (0.0ms)[0m              SELECT sql
            FROM sqlite_master
            WHERE name='index_seo_meta_on_id' AND type='index'
            UNION ALL
            SELECT sql
            FROM sqlite_temp_master
            WHERE name='index_seo_meta_on_id' AND type='index'

  [1m[36m (0.1ms)[0m  [1mCREATE  INDEX "tid_type_index_on_seo_meta" ON "aseo_meta" ("seo_meta_id", "seo_meta_type")[0m
  [1m[35m (0.1ms)[0m              SELECT sql
            FROM sqlite_master
            WHERE name='tid_type_index_on_seo_meta' AND type='index'
            UNION ALL
            SELECT sql
            FROM sqlite_temp_master
            WHERE name='tid_type_index_on_seo_meta' AND type='index'

  [1m[36m (0.1ms)[0m  [1mCREATE  INDEX "tindex_aseo_meta_on_id" ON "aseo_meta" ("id")[0m
  [1m[35m (0.0ms)[0m  SELECT * FROM "seo_meta"
  [1m[36m (0.3ms)[0m  [1mDROP TABLE "seo_meta"[0m
  [1m[35m (0.1ms)[0m  CREATE TABLE "seo_meta" ("id" INTEGER PRIMARY KEY AUTOINCREMENT NOT NULL, "seo_meta_id" integer, "seo_meta_type" varchar(255), "browser_title" varchar(255), "meta_description" text, "created_at" datetime, "updated_at" datetime) 
  [1m[36m (0.0ms)[0m  [1m            SELECT sql
            FROM sqlite_master
            WHERE name='tindex_aseo_meta_on_id' AND type='index'
            UNION ALL
            SELECT sql
            FROM sqlite_temp_master
            WHERE name='tindex_aseo_meta_on_id' AND type='index'
[0m
  [1m[35m (0.0ms)[0m              SELECT sql
            FROM sqlite_master
            WHERE name='tid_type_index_on_seo_meta' AND type='index'
            UNION ALL
            SELECT sql
            FROM sqlite_temp_master
            WHERE name='tid_type_index_on_seo_meta' AND type='index'

  [1m[36m (0.1ms)[0m  [1mCREATE  INDEX "index_seo_meta_on_id" ON "seo_meta" ("id")[0m
  [1m[35m (0.0ms)[0m              SELECT sql
            FROM sqlite_master
            WHERE name='index_seo_meta_on_id' AND type='index'
            UNION ALL
            SELECT sql
            FROM sqlite_temp_master
            WHERE name='index_seo_meta_on_id' AND type='index'

  [1m[36m (0.1ms)[0m  [1mCREATE  INDEX "id_type_index_on_seo_meta" ON "seo_meta" ("seo_meta_id", "seo_meta_type")[0m
  [1m[35m (0.0ms)[0m  SELECT * FROM "aseo_meta"
  [1m[36m (0.1ms)[0m  [1mDROP TABLE "aseo_meta"[0m
  [1m[35mSQL (0.1ms)[0m  INSERT INTO "schema_migrations" ("version") VALUES (?)  [["version", "20150709190261"]]
  [1m[36m (0.8ms)[0m  [1mcommit transaction[0m
  [1m[35mActiveRecord::SchemaMigration Load (0.1ms)[0m  SELECT "schema_migrations".* FROM "schema_migrations"
  [1m[36m (0.1ms)[0m  [1m            SELECT sql
            FROM sqlite_master
            WHERE name='index_refinery_page_part_translations_on_locale' AND type='index'
            UNION ALL
            SELECT sql
            FROM sqlite_temp_master
            WHERE name='index_refinery_page_part_translations_on_locale' AND type='index'
[0m
  [1m[35m (0.1ms)[0m              SELECT sql
            FROM sqlite_master
            WHERE name='index_refinery_page_part_translations_on_refinery_page_part_id' AND type='index'
            UNION ALL
            SELECT sql
            FROM sqlite_temp_master
            WHERE name='index_refinery_page_part_translations_on_refinery_page_part_id' AND type='index'

  [1m[36m (0.1ms)[0m  [1m            SELECT sql
            FROM sqlite_master
            WHERE name='index_refinery_page_parts_on_refinery_page_id' AND type='index'
            UNION ALL
            SELECT sql
            FROM sqlite_temp_master
            WHERE name='index_refinery_page_parts_on_refinery_page_id' AND type='index'
[0m
  [1m[35m (0.1ms)[0m              SELECT sql
            FROM sqlite_master
            WHERE name='index_refinery_page_parts_on_id' AND type='index'
            UNION ALL
            SELECT sql
            FROM sqlite_temp_master
            WHERE name='index_refinery_page_parts_on_id' AND type='index'

  [1m[36m (0.1ms)[0m  [1m            SELECT sql
            FROM sqlite_master
            WHERE name='index_refinery_page_translations_on_locale' AND type='index'
            UNION ALL
            SELECT sql
            FROM sqlite_temp_master
            WHERE name='index_refinery_page_translations_on_locale' AND type='index'
[0m
  [1m[35m (0.1ms)[0m              SELECT sql
            FROM sqlite_master
            WHERE name='index_refinery_page_translations_on_refinery_page_id' AND type='index'
            UNION ALL
            SELECT sql
            FROM sqlite_temp_master
            WHERE name='index_refinery_page_translations_on_refinery_page_id' AND type='index'

  [1m[36m (0.1ms)[0m  [1m            SELECT sql
            FROM sqlite_master
            WHERE name='index_refinery_pages_on_rgt' AND type='index'
            UNION ALL
            SELECT sql
            FROM sqlite_temp_master
            WHERE name='index_refinery_pages_on_rgt' AND type='index'
[0m
  [1m[35m (0.1ms)[0m              SELECT sql
            FROM sqlite_master
            WHERE name='index_refinery_pages_on_parent_id' AND type='index'
            UNION ALL
            SELECT sql
            FROM sqlite_temp_master
            WHERE name='index_refinery_pages_on_parent_id' AND type='index'

  [1m[36m (0.1ms)[0m  [1m            SELECT sql
            FROM sqlite_master
            WHERE name='index_refinery_pages_on_lft' AND type='index'
            UNION ALL
            SELECT sql
            FROM sqlite_temp_master
            WHERE name='index_refinery_pages_on_lft' AND type='index'
[0m
  [1m[35m (0.1ms)[0m              SELECT sql
            FROM sqlite_master
            WHERE name='index_refinery_pages_on_id' AND type='index'
            UNION ALL
            SELECT sql
            FROM sqlite_temp_master
            WHERE name='index_refinery_pages_on_id' AND type='index'

  [1m[36m (0.1ms)[0m  [1m            SELECT sql
            FROM sqlite_master
            WHERE name='index_refinery_pages_on_depth' AND type='index'
            UNION ALL
            SELECT sql
            FROM sqlite_temp_master
            WHERE name='index_refinery_pages_on_depth' AND type='index'
[0m
  [1m[35m (0.2ms)[0m              SELECT sql
            FROM sqlite_master
            WHERE name='index_refinery_roles_users_on_user_id_and_role_id' AND type='index'
            UNION ALL
            SELECT sql
            FROM sqlite_temp_master
            WHERE name='index_refinery_roles_users_on_user_id_and_role_id' AND type='index'

  [1m[36m (0.2ms)[0m  [1m            SELECT sql
            FROM sqlite_master
            WHERE name='index_refinery_roles_users_on_role_id_and_user_id' AND type='index'
            UNION ALL
            SELECT sql
            FROM sqlite_temp_master
            WHERE name='index_refinery_roles_users_on_role_id_and_user_id' AND type='index'
[0m
  [1m[35m (0.1ms)[0m              SELECT sql
            FROM sqlite_master
            WHERE name='index_refinery_user_plugins_on_user_id_and_name' AND type='index'
            UNION ALL
            SELECT sql
            FROM sqlite_temp_master
            WHERE name='index_refinery_user_plugins_on_user_id_and_name' AND type='index'

  [1m[36m (0.1ms)[0m  [1m            SELECT sql
            FROM sqlite_master
            WHERE name='index_refinery_user_plugins_on_name' AND type='index'
            UNION ALL
            SELECT sql
            FROM sqlite_temp_master
            WHERE name='index_refinery_user_plugins_on_name' AND type='index'
[0m
  [1m[35m (0.1ms)[0m              SELECT sql
            FROM sqlite_master
            WHERE name='index_refinery_users_on_slug' AND type='index'
            UNION ALL
            SELECT sql
            FROM sqlite_temp_master
            WHERE name='index_refinery_users_on_slug' AND type='index'

  [1m[36m (0.1ms)[0m  [1m            SELECT sql
            FROM sqlite_master
            WHERE name='index_refinery_users_on_id' AND type='index'
            UNION ALL
            SELECT sql
            FROM sqlite_temp_master
            WHERE name='index_refinery_users_on_id' AND type='index'
[0m
  [1m[35m (0.1ms)[0m              SELECT sql
            FROM sqlite_master
            WHERE name='id_type_index_on_seo_meta' AND type='index'
            UNION ALL
            SELECT sql
            FROM sqlite_temp_master
            WHERE name='id_type_index_on_seo_meta' AND type='index'

  [1m[36m (0.1ms)[0m  [1m            SELECT sql
            FROM sqlite_master
            WHERE name='index_seo_meta_on_id' AND type='index'
            UNION ALL
            SELECT sql
            FROM sqlite_temp_master
            WHERE name='index_seo_meta_on_id' AND type='index'
[0m
  [1m[35mActiveRecord::SchemaMigration Load (0.1ms)[0m  SELECT "schema_migrations".* FROM "schema_migrations"
  [1m[36m (0.2ms)[0m  [1mSELECT COUNT(*) FROM "refinery_pages"  WHERE "refinery_pages"."menu_match" = '^/$'[0m
  [1m[35m (0.1ms)[0m  begin transaction
  [1m[36mRefinery::Page Exists (0.2ms)[0m  [1mSELECT  1 AS one FROM "refinery_pages" INNER JOIN "refinery_page_translations" ON "refinery_page_translations"."refinery_page_id" = "refinery_pages"."id" WHERE "refinery_pages"."parent_id" IS NULL AND ("refinery_pages"."id" IS NOT NULL) AND "refinery_page_translations"."slug" = 'home' AND "refinery_page_translations"."locale" = 'en' LIMIT 1[0m
  [1m[35mRefinery::Page Load (0.1ms)[0m  SELECT  "refinery_pages".* FROM "refinery_pages"   ORDER BY "refinery_pages"."rgt" desc LIMIT 1
  [1m[36mRefinery::Page Load (0.1ms)[0m  [1mSELECT  "refinery_pages".* FROM "refinery_pages"   ORDER BY "refinery_pages"."rgt" desc LIMIT 1[0m
  [1m[35mSQL (0.4ms)[0m  INSERT INTO "refinery_pages" ("created_at", "deletable", "lft", "link_url", "menu_match", "rgt", "slug", "updated_at") VALUES (?, ?, ?, ?, ?, ?, ?, ?)  [["created_at", "2015-07-09 19:02:58.156153"], ["deletable", "f"], ["lft", 1], ["link_url", "/"], ["menu_match", "^/$"], ["rgt", 2], ["slug", "home"], ["updated_at", "2015-07-09 19:02:58.156153"]]
  [1m[36mSQL (0.2ms)[0m  [1mINSERT INTO "refinery_page_translations" ("created_at", "locale", "refinery_page_id", "slug", "title", "updated_at") VALUES (?, ?, ?, ?, ?, ?)[0m  [["created_at", "2015-07-09 19:02:58.165197"], ["locale", "en"], ["refinery_page_id", 1], ["slug", "home"], ["title", "Home"], ["updated_at", "2015-07-09 19:02:58.165197"]]
  [1m[35mRefinery::Page Load (0.1ms)[0m  SELECT  "refinery_pages".* FROM "refinery_pages"  WHERE "refinery_pages"."id" = ? LIMIT 1  [["id", 1]]
  [1m[36mSQL (0.1ms)[0m  [1mUPDATE "refinery_pages" SET "updated_at" = '2015-07-09 19:02:58.170246' WHERE "refinery_pages"."id" = 1[0m
  [1m[35mSeoMetum Load (0.1ms)[0m  SELECT  "seo_meta".* FROM "seo_meta"  WHERE "seo_meta"."seo_meta_type" = 'Refinery::Page::Translation' AND "seo_meta"."seo_meta_id" = 1  ORDER BY "seo_meta"."id" ASC LIMIT 1
  [1m[36mSQL (0.2ms)[0m  [1mINSERT INTO "seo_meta" ("created_at", "seo_meta_id", "seo_meta_type", "updated_at") VALUES (?, ?, ?, ?)[0m  [["created_at", "2015-07-09 19:02:58.185764"], ["seo_meta_id", 1], ["seo_meta_type", "Refinery::Page::Translation"], ["updated_at", "2015-07-09 19:02:58.185764"]]
  [1m[35mRefinery::Page Load (0.1ms)[0m  SELECT  "refinery_pages".* FROM "refinery_pages"   ORDER BY "refinery_pages"."id" ASC LIMIT 500
  [1m[36mRefinery::Page::Translation Load (0.1ms)[0m  [1mSELECT "refinery_page_translations".* FROM "refinery_page_translations"  WHERE "refinery_page_translations"."refinery_page_id" = ?[0m  [["refinery_page_id", 1]]
  [1m[35mSeoMetum Load (0.1ms)[0m  SELECT  "seo_meta".* FROM "seo_meta"  WHERE "seo_meta"."seo_meta_type" = 'Refinery::Page::Translation' AND "seo_meta"."seo_meta_id" = 1  ORDER BY "seo_meta"."id" ASC LIMIT 1
  [1m[36mRefinery::PagePart Load (0.1ms)[0m  [1mSELECT "refinery_page_parts".* FROM "refinery_page_parts"  WHERE "refinery_page_parts"."refinery_page_id" = ?  ORDER BY position ASC[0m  [["refinery_page_id", 1]]
  [1m[35mRefinery::PagePart Load (0.1ms)[0m  SELECT "refinery_page_parts".* FROM "refinery_page_parts"  WHERE "refinery_page_parts"."refinery_page_id" = ?  ORDER BY position ASC  [["refinery_page_id", 1]]
  [1m[36mRefinery::Page Load (0.1ms)[0m  [1mSELECT  "refinery_pages".* FROM "refinery_pages"  WHERE "refinery_pages"."id" = ? LIMIT 1[0m  [["id", 1]]
  [1m[35mSQL (0.2ms)[0m  UPDATE "refinery_pages" SET "depth" = 0 WHERE "refinery_pages"."id" IN (SELECT "refinery_pages"."id" FROM "refinery_pages"  WHERE "refinery_pages"."id" = 1  ORDER BY "refinery_pages"."lft")
  [1m[36mRefinery::Page Load (0.1ms)[0m  [1mSELECT  "refinery_pages".* FROM "refinery_pages"  WHERE "refinery_pages"."id" = ? LIMIT 1[0m  [["id", 1]]
  [1m[35mRefinery::PagePart Load (0.0ms)[0m  SELECT "refinery_page_parts".* FROM "refinery_page_parts"  WHERE "refinery_page_parts"."refinery_page_id" = ?  ORDER BY position ASC  [["refinery_page_id", 1]]
  [1m[36m (0.9ms)[0m  [1mcommit transaction[0m
  [1m[35m (0.1ms)[0m  begin transaction
  [1m[36mRefinery::PagePart Exists (0.1ms)[0m  [1mSELECT  1 AS one FROM "refinery_page_parts"  WHERE ("refinery_page_parts"."title" = 'Body' AND "refinery_page_parts"."refinery_page_id" = 1) LIMIT 1[0m
  [1m[35mSQL (0.3ms)[0m  INSERT INTO "refinery_page_parts" ("body", "created_at", "position", "refinery_page_id", "title", "updated_at") VALUES (?, ?, ?, ?, ?, ?)  [["body", "<p>Welcome to our site. This is just a place holder page while we gather our content.</p>"], ["created_at", "2015-07-09 19:02:58.216119"], ["position", 0], ["refinery_page_id", 1], ["title", "Body"], ["updated_at", "2015-07-09 19:02:58.216119"]]
  [1m[36mSQL (0.2ms)[0m  [1mINSERT INTO "refinery_page_part_translations" ("body", "created_at", "locale", "refinery_page_part_id", "updated_at") VALUES (?, ?, ?, ?, ?)[0m  [["body", "<p>Welcome to our site. This is just a place holder page while we gather our content.</p>"], ["created_at", "2015-07-09 19:02:58.218149"], ["locale", "en"], ["refinery_page_part_id", 1], ["updated_at", "2015-07-09 19:02:58.218149"]]
  [1m[35mRefinery::PagePart Load (0.1ms)[0m  SELECT  "refinery_page_parts".* FROM "refinery_page_parts"  WHERE "refinery_page_parts"."id" = ? LIMIT 1  [["id", 1]]
  [1m[36mSQL (0.1ms)[0m  [1mUPDATE "refinery_page_parts" SET "updated_at" = '2015-07-09 19:02:58.221892' WHERE "refinery_page_parts"."id" = 1[0m
  [1m[35m (0.9ms)[0m  commit transaction
  [1m[36m (0.0ms)[0m  [1mbegin transaction[0m
  [1m[35mRefinery::PagePart Exists (0.2ms)[0m  SELECT  1 AS one FROM "refinery_page_parts"  WHERE ("refinery_page_parts"."title" = 'Side Body' AND "refinery_page_parts"."refinery_page_id" = 1) LIMIT 1
  [1m[36mSQL (0.2ms)[0m  [1mINSERT INTO "refinery_page_parts" ("body", "created_at", "position", "refinery_page_id", "title", "updated_at") VALUES (?, ?, ?, ?, ?, ?)[0m  [["body", "<p>This is another block of content over here.</p>"], ["created_at", "2015-07-09 19:02:58.229449"], ["position", 1], ["refinery_page_id", 1], ["title", "Side Body"], ["updated_at", "2015-07-09 19:02:58.229449"]]
  [1m[35mSQL (0.1ms)[0m  INSERT INTO "refinery_page_part_translations" ("body", "created_at", "locale", "refinery_page_part_id", "updated_at") VALUES (?, ?, ?, ?, ?)  [["body", "<p>This is another block of content over here.</p>"], ["created_at", "2015-07-09 19:02:58.231349"], ["locale", "en"], ["refinery_page_part_id", 2], ["updated_at", "2015-07-09 19:02:58.231349"]]
  [1m[36mRefinery::PagePart Load (0.0ms)[0m  [1mSELECT  "refinery_page_parts".* FROM "refinery_page_parts"  WHERE "refinery_page_parts"."id" = ? LIMIT 1[0m  [["id", 2]]
  [1m[35mSQL (0.1ms)[0m  UPDATE "refinery_page_parts" SET "updated_at" = '2015-07-09 19:02:58.232907' WHERE "refinery_page_parts"."id" = 2
  [1m[36m (1.7ms)[0m  [1mcommit transaction[0m
  [1m[35m (0.2ms)[0m  begin transaction
  [1m[36mRefinery::Page Exists (0.3ms)[0m  [1mSELECT  1 AS one FROM "refinery_pages" INNER JOIN "refinery_page_translations" ON "refinery_page_translations"."refinery_page_id" = "refinery_pages"."id" WHERE "refinery_pages"."parent_id" = 1 AND ("refinery_pages"."id" IS NOT NULL) AND "refinery_page_translations"."slug" = 'page-not-found' AND "refinery_page_translations"."locale" = 'en' LIMIT 1[0m
  [1m[35mRefinery::Page Load (0.2ms)[0m  SELECT  "refinery_pages".* FROM "refinery_pages"   ORDER BY "refinery_pages"."rgt" desc LIMIT 1
  [1m[36mRefinery::Page Load (0.1ms)[0m  [1mSELECT  "refinery_pages".* FROM "refinery_pages"  WHERE "refinery_pages"."id" = ? LIMIT 1[0m  [["id", 1]]
  [1m[35mSQL (0.5ms)[0m  INSERT INTO "refinery_pages" ("created_at", "deletable", "lft", "menu_match", "parent_id", "rgt", "show_in_menu", "slug", "updated_at") VALUES (?, ?, ?, ?, ?, ?, ?, ?, ?)  [["created_at", "2015-07-09 19:02:58.276083"], ["deletable", "f"], ["lft", 3], ["menu_match", "^/404$"], ["parent_id", 1], ["rgt", 4], ["show_in_menu", "f"], ["slug", "page-not-found"], ["updated_at", "2015-07-09 19:02:58.276083"]]
  [1m[36mSQL (0.2ms)[0m  [1mINSERT INTO "refinery_page_translations" ("created_at", "locale", "refinery_page_id", "slug", "title", "updated_at") VALUES (?, ?, ?, ?, ?, ?)[0m  [["created_at", "2015-07-09 19:02:58.283762"], ["locale", "en"], ["refinery_page_id", 2], ["slug", "page-not-found"], ["title", "Page not found"], ["updated_at", "2015-07-09 19:02:58.283762"]]
  [1m[35mRefinery::Page Load (0.1ms)[0m  SELECT  "refinery_pages".* FROM "refinery_pages"  WHERE "refinery_pages"."id" = ? LIMIT 1  [["id", 2]]
  [1m[36mSQL (0.1ms)[0m  [1mUPDATE "refinery_pages" SET "updated_at" = '2015-07-09 19:02:58.291159' WHERE "refinery_pages"."id" = 2[0m
  [1m[35mSeoMetum Load (0.1ms)[0m  SELECT  "seo_meta".* FROM "seo_meta"  WHERE "seo_meta"."seo_meta_type" = 'Refinery::Page::Translation' AND "seo_meta"."seo_meta_id" = 2  ORDER BY "seo_meta"."id" ASC LIMIT 1
  [1m[36mSQL (0.1ms)[0m  [1mINSERT INTO "seo_meta" ("created_at", "seo_meta_id", "seo_meta_type", "updated_at") VALUES (?, ?, ?, ?)[0m  [["created_at", "2015-07-09 19:02:58.295840"], ["seo_meta_id", 2], ["seo_meta_type", "Refinery::Page::Translation"], ["updated_at", "2015-07-09 19:02:58.295840"]]
  [1m[35mRefinery::PagePart Load (0.1ms)[0m  SELECT "refinery_page_parts".* FROM "refinery_page_parts"  WHERE "refinery_page_parts"."refinery_page_id" = ?  ORDER BY position ASC  [["refinery_page_id", 2]]
  [1m[36mRefinery::Page Load (0.2ms)[0m  [1mSELECT  "refinery_pages".* FROM "refinery_pages"  WHERE "refinery_pages"."id" = 1  ORDER BY "refinery_pages"."lft" LIMIT 1[0m
  [1m[35mRefinery::Page Load (0.1ms)[0m  SELECT  "refinery_pages".* FROM "refinery_pages"  WHERE "refinery_pages"."id" = ? LIMIT 1  [["id", 2]]
  [1m[36mSQL (0.3ms)[0m  [1mUPDATE "refinery_pages" SET "lft" = CASE WHEN "lft" BETWEEN 2 AND 2 THEN "lft" + 4 - 2 WHEN "lft" BETWEEN 3 AND 4 THEN "lft" + 2 - 3 ELSE "lft" END, "rgt" = CASE WHEN "rgt" BETWEEN 2 AND 2 THEN "rgt" + 4 - 2 WHEN "rgt" BETWEEN 3 AND 4 THEN "rgt" + 2 - 3 ELSE "rgt" END, "parent_id" = CASE WHEN "id" = 2 THEN 1 ELSE "parent_id" END, updated_at = '2015-07-09 19:02:58.313660' WHERE "refinery_pages"."id" IN (SELECT "refinery_pages"."id" FROM "refinery_pages"  WHERE (("refinery_pages"."lft" BETWEEN 2 AND 4 OR "refinery_pages"."rgt" BETWEEN 2 AND 4))  ORDER BY "refinery_pages"."lft")[0m
  [1m[35mRefinery::Page Load (0.1ms)[0m  SELECT  "refinery_pages".* FROM "refinery_pages"  WHERE "refinery_pages"."id" = ? LIMIT 1  [["id", 1]]
  [1m[36mRefinery::Page Load (0.2ms)[0m  [1mSELECT  "refinery_pages".* FROM "refinery_pages"  WHERE "refinery_pages"."id" = ? LIMIT 1[0m  [["id", 2]]
  [1m[35m (0.2ms)[0m  SELECT COUNT(*) FROM "refinery_pages"  WHERE ("refinery_pages"."lft" <= 2) AND ("refinery_pages"."rgt" >= 3) AND ("refinery_pages"."id" != 2)
  [1m[36mSQL (0.4ms)[0m  [1mUPDATE "refinery_pages" SET "depth" = 1 WHERE "refinery_pages"."id" IN (SELECT "refinery_pages"."id" FROM "refinery_pages"  WHERE "refinery_pages"."id" = 2  ORDER BY "refinery_pages"."lft")[0m
  [1m[35mRefinery::Page Load (0.1ms)[0m  SELECT  "refinery_pages".* FROM "refinery_pages"  WHERE "refinery_pages"."id" = ? LIMIT 1  [["id", 2]]
  [1m[36mRefinery::Page Load (0.1ms)[0m  [1mSELECT  "refinery_pages".* FROM "refinery_pages"  WHERE "refinery_pages"."id" = ? LIMIT 1[0m  [["id", 2]]
  [1m[35m (0.1ms)[0m  SELECT COUNT(*) FROM "refinery_pages"  WHERE ("refinery_pages"."lft" <= 2) AND ("refinery_pages"."rgt" >= 3) AND ("refinery_pages"."id" != 2)
  [1m[36mSQL (0.1ms)[0m  [1mUPDATE "refinery_pages" SET "depth" = 1 WHERE "refinery_pages"."id" IN (SELECT "refinery_pages"."id" FROM "refinery_pages"  WHERE "refinery_pages"."id" = 2  ORDER BY "refinery_pages"."lft")[0m
  [1m[35mRefinery::Page Load (0.0ms)[0m  SELECT  "refinery_pages".* FROM "refinery_pages"  WHERE "refinery_pages"."id" = ? LIMIT 1  [["id", 2]]
  [1m[36mRefinery::PagePart Load (0.1ms)[0m  [1mSELECT "refinery_page_parts".* FROM "refinery_page_parts"  WHERE "refinery_page_parts"."refinery_page_id" = ?  ORDER BY position ASC[0m  [["refinery_page_id", 2]]
  [1m[35m (1.0ms)[0m  commit transaction
  [1m[36m (0.0ms)[0m  [1mbegin transaction[0m
  [1m[35mRefinery::PagePart Exists (0.2ms)[0m  SELECT  1 AS one FROM "refinery_page_parts"  WHERE ("refinery_page_parts"."title" = 'Body' AND "refinery_page_parts"."refinery_page_id" = 2) LIMIT 1
  [1m[36mSQL (0.5ms)[0m  [1mINSERT INTO "refinery_page_parts" ("body", "created_at", "position", "refinery_page_id", "title", "updated_at") VALUES (?, ?, ?, ?, ?, ?)[0m  [["body", "<h2>Sorry, there was a problem...</h2><p>The page you requested was not found.</p><p><a href='/'>Return to the home page</a></p>"], ["created_at", "2015-07-09 19:02:58.464640"], ["position", 0], ["refinery_page_id", 2], ["title", "Body"], ["updated_at", "2015-07-09 19:02:58.464640"]]
  [1m[35mSQL (0.3ms)[0m  INSERT INTO "refinery_page_part_translations" ("body", "created_at", "locale", "refinery_page_part_id", "updated_at") VALUES (?, ?, ?, ?, ?)  [["body", "<h2>Sorry, there was a problem...</h2><p>The page you requested was not found.</p><p><a href='/'>Return to the home page</a></p>"], ["created_at", "2015-07-09 19:02:58.469008"], ["locale", "en"], ["refinery_page_part_id", 3], ["updated_at", "2015-07-09 19:02:58.469008"]]
  [1m[36mRefinery::PagePart Load (0.1ms)[0m  [1mSELECT  "refinery_page_parts".* FROM "refinery_page_parts"  WHERE "refinery_page_parts"."id" = ? LIMIT 1[0m  [["id", 3]]
  [1m[35mSQL (0.1ms)[0m  UPDATE "refinery_page_parts" SET "updated_at" = '2015-07-09 19:02:58.472948' WHERE "refinery_page_parts"."id" = 3
  [1m[36m (0.8ms)[0m  [1mcommit transaction[0m
  [1m[35m (0.2ms)[0m  SELECT COUNT(*) FROM "refinery_pages" INNER JOIN "refinery_page_translations" ON "refinery_page_translations"."refinery_page_id" = "refinery_pages"."id" WHERE "refinery_page_translations"."locale" = 'en' AND "refinery_page_translations"."title" = 'About'
  [1m[36m (8.2ms)[0m  [1mbegin transaction[0m
  [1m[35mRefinery::Page Exists (0.2ms)[0m  SELECT  1 AS one FROM "refinery_pages" INNER JOIN "refinery_page_translations" ON "refinery_page_translations"."refinery_page_id" = "refinery_pages"."id" WHERE "refinery_pages"."parent_id" IS NULL AND ("refinery_pages"."id" IS NOT NULL) AND "refinery_page_translations"."slug" = 'about' AND "refinery_page_translations"."locale" = 'en' LIMIT 1
  [1m[36mRefinery::Page Load (0.2ms)[0m  [1mSELECT  "refinery_pages".* FROM "refinery_pages"   ORDER BY "refinery_pages"."rgt" desc LIMIT 1[0m
  [1m[35mRefinery::Page Load (0.1ms)[0m  SELECT  "refinery_pages".* FROM "refinery_pages"  WHERE "refinery_pages"."id" = ? LIMIT 1  [["id", 1]]
  [1m[36mSQL (0.7ms)[0m  [1mINSERT INTO "refinery_pages" ("created_at", "lft", "rgt", "slug", "updated_at") VALUES (?, ?, ?, ?, ?)[0m  [["created_at", "2015-07-09 19:02:58.497424"], ["lft", 5], ["rgt", 6], ["slug", "about"], ["updated_at", "2015-07-09 19:02:58.497424"]]
  [1m[35mSQL (0.3ms)[0m  INSERT INTO "refinery_page_translations" ("created_at", "locale", "refinery_page_id", "slug", "title", "updated_at") VALUES (?, ?, ?, ?, ?, ?)  [["created_at", "2015-07-09 19:02:58.505651"], ["locale", "en"], ["refinery_page_id", 3], ["slug", "about"], ["title", "About"], ["updated_at", "2015-07-09 19:02:58.505651"]]
  [1m[36mRefinery::Page Load (0.1ms)[0m  [1mSELECT  "refinery_pages".* FROM "refinery_pages"  WHERE "refinery_pages"."id" = ? LIMIT 1[0m  [["id", 3]]
  [1m[35mSQL (0.2ms)[0m  UPDATE "refinery_pages" SET "updated_at" = '2015-07-09 19:02:58.508961' WHERE "refinery_pages"."id" = 3
  [1m[36mSeoMetum Load (0.1ms)[0m  [1mSELECT  "seo_meta".* FROM "seo_meta"  WHERE "seo_meta"."seo_meta_type" = 'Refinery::Page::Translation' AND "seo_meta"."seo_meta_id" = 3  ORDER BY "seo_meta"."id" ASC LIMIT 1[0m
  [1m[35mSQL (0.2ms)[0m  INSERT INTO "seo_meta" ("created_at", "seo_meta_id", "seo_meta_type", "updated_at") VALUES (?, ?, ?, ?)  [["created_at", "2015-07-09 19:02:58.511910"], ["seo_meta_id", 3], ["seo_meta_type", "Refinery::Page::Translation"], ["updated_at", "2015-07-09 19:02:58.511910"]]
  [1m[36mRefinery::PagePart Load (0.1ms)[0m  [1mSELECT "refinery_page_parts".* FROM "refinery_page_parts"  WHERE "refinery_page_parts"."refinery_page_id" = ?  ORDER BY position ASC[0m  [["refinery_page_id", 3]]
  [1m[35mRefinery::Page Load (0.1ms)[0m  SELECT  "refinery_pages".* FROM "refinery_pages"  WHERE "refinery_pages"."id" = ? LIMIT 1  [["id", 3]]
  [1m[36mSQL (0.3ms)[0m  [1mUPDATE "refinery_pages" SET "depth" = 0 WHERE "refinery_pages"."id" IN (SELECT "refinery_pages"."id" FROM "refinery_pages"  WHERE "refinery_pages"."id" = 3  ORDER BY "refinery_pages"."lft")[0m
  [1m[35mRefinery::Page Load (0.1ms)[0m  SELECT  "refinery_pages".* FROM "refinery_pages"  WHERE "refinery_pages"."id" = ? LIMIT 1  [["id", 3]]
  [1m[36mRefinery::PagePart Load (0.1ms)[0m  [1mSELECT "refinery_page_parts".* FROM "refinery_page_parts"  WHERE "refinery_page_parts"."refinery_page_id" = ?  ORDER BY position ASC[0m  [["refinery_page_id", 3]]
  [1m[35m (1.6ms)[0m  commit transaction
  [1m[36m (0.1ms)[0m  [1mbegin transaction[0m
  [1m[35mRefinery::PagePart Exists (0.2ms)[0m  SELECT  1 AS one FROM "refinery_page_parts"  WHERE ("refinery_page_parts"."title" = 'Body' AND "refinery_page_parts"."refinery_page_id" = 3) LIMIT 1
  [1m[36mSQL (0.3ms)[0m  [1mINSERT INTO "refinery_page_parts" ("body", "created_at", "position", "refinery_page_id", "title", "updated_at") VALUES (?, ?, ?, ?, ?, ?)[0m  [["body", "<p>This is just a standard text page example. Lorem ipsum dolor sit amet, consectetur adipiscing elit. Proin metus dolor, hendrerit sit amet, aliquet nec, posuere sed, purus. Nullam et velit iaculis odio sagittis placerat. Duis metus tellus, pellentesque ut, luctus id, egestas a, lorem. Praesent vitae mauris. Aliquam sed nulla. Sed id nunc vitae leo suscipit viverra. Proin at leo ut lacus consequat rhoncus. In hac habitasse platea dictumst. Nunc quis tortor sed libero hendrerit dapibus.\n\nInteger interdum purus id erat. Duis nec velit vitae dolor mattis euismod. Class aptent taciti sociosqu ad litora torquent per conubia nostra, per inceptos himenaeos. Suspendisse pellentesque dignissim lacus. Nulla semper euismod arcu. Suspendisse egestas, erat a consectetur dapibus, felis orci cursus eros, et sollicitudin purus urna et metus. Integer eget est sed nunc euismod vestibulum. Integer nulla dui, tristique in, euismod et, interdum imperdiet, enim. Mauris at lectus. Sed egestas tortor nec mi.</p>"], ["created_at", "2015-07-09 19:02:58.537004"], ["position", 0], ["refinery_page_id", 3], ["title", "Body"], ["updated_at", "2015-07-09 19:02:58.537004"]]
  [1m[35mSQL (0.1ms)[0m  INSERT INTO "refinery_page_part_translations" ("body", "created_at", "locale", "refinery_page_part_id", "updated_at") VALUES (?, ?, ?, ?, ?)  [["body", "<p>This is just a standard text page example. Lorem ipsum dolor sit amet, consectetur adipiscing elit. Proin metus dolor, hendrerit sit amet, aliquet nec, posuere sed, purus. Nullam et velit iaculis odio sagittis placerat. Duis metus tellus, pellentesque ut, luctus id, egestas a, lorem. Praesent vitae mauris. Aliquam sed nulla. Sed id nunc vitae leo suscipit viverra. Proin at leo ut lacus consequat rhoncus. In hac habitasse platea dictumst. Nunc quis tortor sed libero hendrerit dapibus.\n\nInteger interdum purus id erat. Duis nec velit vitae dolor mattis euismod. Class aptent taciti sociosqu ad litora torquent per conubia nostra, per inceptos himenaeos. Suspendisse pellentesque dignissim lacus. Nulla semper euismod arcu. Suspendisse egestas, erat a consectetur dapibus, felis orci cursus eros, et sollicitudin purus urna et metus. Integer eget est sed nunc euismod vestibulum. Integer nulla dui, tristique in, euismod et, interdum imperdiet, enim. Mauris at lectus. Sed egestas tortor nec mi.</p>"], ["created_at", "2015-07-09 19:02:58.539191"], ["locale", "en"], ["refinery_page_part_id", 4], ["updated_at", "2015-07-09 19:02:58.539191"]]
  [1m[36mRefinery::PagePart Load (0.1ms)[0m  [1mSELECT  "refinery_page_parts".* FROM "refinery_page_parts"  WHERE "refinery_page_parts"."id" = ? LIMIT 1[0m  [["id", 4]]
  [1m[35mSQL (0.1ms)[0m  UPDATE "refinery_page_parts" SET "updated_at" = '2015-07-09 19:02:58.544787' WHERE "refinery_page_parts"."id" = 4
  [1m[36m (1.9ms)[0m  [1mcommit transaction[0m
  [1m[35m (0.1ms)[0m  begin transaction
  [1m[36mRefinery::PagePart Exists (0.2ms)[0m  [1mSELECT  1 AS one FROM "refinery_page_parts"  WHERE ("refinery_page_parts"."title" = 'Side Body' AND "refinery_page_parts"."refinery_page_id" = 3) LIMIT 1[0m
  [1m[35mSQL (0.3ms)[0m  INSERT INTO "refinery_page_parts" ("body", "created_at", "position", "refinery_page_id", "title", "updated_at") VALUES (?, ?, ?, ?, ?, ?)  [["body", "<p>Lorem ipsum dolor sit amet, consectetur adipiscing elit. Vivamus fringilla nisi a elit. Duis ultricies orci ut arcu. Ut ac nibh. Duis blandit rhoncus magna. Pellentesque semper risus ut magna. Etiam pulvinar tellus eget diam. Morbi blandit. Donec pulvinar mauris at ligula. Sed pellentesque, ipsum id congue molestie, lectus risus egestas pede, ac viverra diam lacus ac urna. Aenean elit.</p>"], ["created_at", "2015-07-09 19:02:58.559709"], ["position", 1], ["refinery_page_id", 3], ["title", "Side Body"], ["updated_at", "2015-07-09 19:02:58.559709"]]
  [1m[36mSQL (0.1ms)[0m  [1mINSERT INTO "refinery_page_part_translations" ("body", "created_at", "locale", "refinery_page_part_id", "updated_at") VALUES (?, ?, ?, ?, ?)[0m  [["body", "<p>Lorem ipsum dolor sit amet, consectetur adipiscing elit. Vivamus fringilla nisi a elit. Duis ultricies orci ut arcu. Ut ac nibh. Duis blandit rhoncus magna. Pellentesque semper risus ut magna. Etiam pulvinar tellus eget diam. Morbi blandit. Donec pulvinar mauris at ligula. Sed pellentesque, ipsum id congue molestie, lectus risus egestas pede, ac viverra diam lacus ac urna. Aenean elit.</p>"], ["created_at", "2015-07-09 19:02:58.565438"], ["locale", "en"], ["refinery_page_part_id", 5], ["updated_at", "2015-07-09 19:02:58.565438"]]
  [1m[35mRefinery::PagePart Load (0.1ms)[0m  SELECT  "refinery_page_parts".* FROM "refinery_page_parts"  WHERE "refinery_page_parts"."id" = ? LIMIT 1  [["id", 5]]
  [1m[36mSQL (0.3ms)[0m  [1mUPDATE "refinery_page_parts" SET "updated_at" = '2015-07-09 19:02:58.568139' WHERE "refinery_page_parts"."id" = 5[0m
  [1m[35m (0.7ms)[0m  commit transaction
  [1m[36mRefinery::Page Load (0.2ms)[0m  [1mSELECT "refinery_pages".* FROM "refinery_pages" INNER JOIN "refinery_page_translations" ON "refinery_page_translations"."refinery_page_id" = "refinery_pages"."id" WHERE "refinery_page_translations"."locale" = 'en' AND "refinery_page_translations"."title" = 'Home'[0m
  [1m[35m (0.0ms)[0m  begin transaction
  [1m[36mRefinery::Page::Translation Load (0.1ms)[0m  [1mSELECT "refinery_page_translations".* FROM "refinery_page_translations"  WHERE "refinery_page_translations"."refinery_page_id" = ?[0m  [["refinery_page_id", 1]]
  [1m[35mRefinery::Page Load (0.0ms)[0m  SELECT  "refinery_pages".* FROM "refinery_pages"  WHERE "refinery_pages"."id" = ? LIMIT 1  [["id", 1]]
  [1m[36mRefinery::Page::Translation Load (0.0ms)[0m  [1mSELECT "refinery_page_translations".* FROM "refinery_page_translations"  WHERE "refinery_page_translations"."refinery_page_id" = ?[0m  [["refinery_page_id", 1]]
  [1m[35mSeoMetum Load (0.1ms)[0m  SELECT  "seo_meta".* FROM "seo_meta"  WHERE "seo_meta"."seo_meta_type" = 'Refinery::Page::Translation' AND "seo_meta"."seo_meta_id" = 1  ORDER BY "seo_meta"."id" ASC LIMIT 1
  [1m[36mSeoMetum Load (0.1ms)[0m  [1mSELECT  "seo_meta".* FROM "seo_meta"  WHERE "seo_meta"."seo_meta_type" = 'Refinery::Page::Translation' AND "seo_meta"."seo_meta_id" = 1  ORDER BY "seo_meta"."id" ASC LIMIT 1[0m
  [1m[35mRefinery::PagePart Load (0.1ms)[0m  SELECT "refinery_page_parts".* FROM "refinery_page_parts"  WHERE "refinery_page_parts"."refinery_page_id" = ?  ORDER BY position ASC  [["refinery_page_id", 1]]
  [1m[36mRefinery::PagePart::Translation Load (0.2ms)[0m  [1mSELECT "refinery_page_part_translations".* FROM "refinery_page_part_translations"  WHERE "refinery_page_part_translations"."refinery_page_part_id" IN (1, 2)[0m
  [1m[35mRefinery::PagePart Load (0.1ms)[0m  SELECT "refinery_page_parts".* FROM "refinery_page_parts"  WHERE "refinery_page_parts"."refinery_page_id" = ?  ORDER BY position ASC  [["refinery_page_id", 1]]
  [1m[36mRefinery::PagePart::Translation Load (0.1ms)[0m  [1mSELECT "refinery_page_part_translations".* FROM "refinery_page_part_translations"  WHERE "refinery_page_part_translations"."refinery_page_part_id" IN (1, 2)[0m
  [1m[35mRefinery::Page Load (0.1ms)[0m  SELECT  "refinery_pages".* FROM "refinery_pages"  WHERE "refinery_pages"."id" = ? LIMIT 1  [["id", 1]]
  [1m[36mSQL (0.2ms)[0m  [1mUPDATE "refinery_pages" SET "updated_at" = '2015-07-09 19:02:59.426408' WHERE "refinery_pages"."id" = 1[0m
  [1m[35mRefinery::Page Load (0.1ms)[0m  SELECT  "refinery_pages".* FROM "refinery_pages"  WHERE "refinery_pages"."id" = ? LIMIT 1  [["id", 1]]
  [1m[36mSQL (0.2ms)[0m  [1mUPDATE "refinery_pages" SET "depth" = 0 WHERE "refinery_pages"."id" IN (SELECT "refinery_pages"."id" FROM "refinery_pages"  WHERE "refinery_pages"."id" = 1  ORDER BY "refinery_pages"."lft")[0m
  [1m[35mRefinery::Page Load (0.0ms)[0m  SELECT  "refinery_pages".* FROM "refinery_pages"  WHERE "refinery_pages"."id" = ? LIMIT 1  [["id", 1]]
  [1m[36mRefinery::PagePart Load (0.1ms)[0m  [1mSELECT "refinery_page_parts".* FROM "refinery_page_parts"  WHERE "refinery_page_parts"."refinery_page_id" = ?  ORDER BY position ASC[0m  [["refinery_page_id", 1]]
  [1m[35mRefinery::PagePart::Translation Load (0.2ms)[0m  SELECT "refinery_page_part_translations".* FROM "refinery_page_part_translations"  WHERE "refinery_page_part_translations"."refinery_page_part_id" IN (1, 2)
  [1m[36mSQL (0.1ms)[0m  [1mUPDATE "refinery_page_parts" SET "position" = 0 WHERE "refinery_page_parts"."id" = 1[0m
  [1m[35mSQL (0.1ms)[0m  UPDATE "refinery_page_parts" SET "position" = 1 WHERE "refinery_page_parts"."id" = 2
  [1m[36m (8.1ms)[0m  [1mcommit transaction[0m
  [1m[35mRefinery::Page Load (0.2ms)[0m  SELECT "refinery_pages".* FROM "refinery_pages" INNER JOIN "refinery_page_translations" ON "refinery_page_translations"."refinery_page_id" = "refinery_pages"."id" WHERE "refinery_page_translations"."locale" = 'en' AND "refinery_page_translations"."title" = 'Page not found'
  [1m[36m (0.0ms)[0m  [1mbegin transaction[0m
  [1m[35mRefinery::Page::Translation Load (0.1ms)[0m  SELECT "refinery_page_translations".* FROM "refinery_page_translations"  WHERE "refinery_page_translations"."refinery_page_id" = ?  [["refinery_page_id", 2]]
  [1m[36mRefinery::Page Load (0.1ms)[0m  [1mSELECT  "refinery_pages".* FROM "refinery_pages"  WHERE "refinery_pages"."id" = ? LIMIT 1[0m  [["id", 2]]
  [1m[35mRefinery::Page::Translation Load (0.0ms)[0m  SELECT "refinery_page_translations".* FROM "refinery_page_translations"  WHERE "refinery_page_translations"."refinery_page_id" = ?  [["refinery_page_id", 2]]
  [1m[36mSeoMetum Load (0.1ms)[0m  [1mSELECT  "seo_meta".* FROM "seo_meta"  WHERE "seo_meta"."seo_meta_type" = 'Refinery::Page::Translation' AND "seo_meta"."seo_meta_id" = 2  ORDER BY "seo_meta"."id" ASC LIMIT 1[0m
  [1m[35mSeoMetum Load (0.1ms)[0m  SELECT  "seo_meta".* FROM "seo_meta"  WHERE "seo_meta"."seo_meta_type" = 'Refinery::Page::Translation' AND "seo_meta"."seo_meta_id" = 2  ORDER BY "seo_meta"."id" ASC LIMIT 1
  [1m[36mRefinery::PagePart Load (0.1ms)[0m  [1mSELECT "refinery_page_parts".* FROM "refinery_page_parts"  WHERE "refinery_page_parts"."refinery_page_id" = ?  ORDER BY position ASC[0m  [["refinery_page_id", 2]]
  [1m[35mRefinery::PagePart::Translation Load (0.1ms)[0m  SELECT "refinery_page_part_translations".* FROM "refinery_page_part_translations"  WHERE "refinery_page_part_translations"."refinery_page_part_id" IN (3)
  [1m[36mRefinery::PagePart Load (0.1ms)[0m  [1mSELECT "refinery_page_parts".* FROM "refinery_page_parts"  WHERE "refinery_page_parts"."refinery_page_id" = ?  ORDER BY position ASC[0m  [["refinery_page_id", 2]]
  [1m[35mRefinery::PagePart::Translation Load (0.1ms)[0m  SELECT "refinery_page_part_translations".* FROM "refinery_page_part_translations"  WHERE "refinery_page_part_translations"."refinery_page_part_id" IN (3)
  [1m[36mRefinery::Page Load (0.1ms)[0m  [1mSELECT  "refinery_pages".* FROM "refinery_pages"  WHERE "refinery_pages"."id" = ? LIMIT 1[0m  [["id", 2]]
  [1m[35mSQL (0.2ms)[0m  UPDATE "refinery_pages" SET "updated_at" = '2015-07-09 19:02:59.459112' WHERE "refinery_pages"."id" = 2
  [1m[36mRefinery::Page Load (0.0ms)[0m  [1mSELECT  "refinery_pages".* FROM "refinery_pages"  WHERE "refinery_pages"."id" = ? LIMIT 1[0m  [["id", 2]]
  [1m[35m (0.1ms)[0m  SELECT COUNT(*) FROM "refinery_pages"  WHERE ("refinery_pages"."lft" <= 2) AND ("refinery_pages"."rgt" >= 3) AND ("refinery_pages"."id" != 2)
  [1m[36mSQL (0.1ms)[0m  [1mUPDATE "refinery_pages" SET "depth" = 1 WHERE "refinery_pages"."id" IN (SELECT "refinery_pages"."id" FROM "refinery_pages"  WHERE "refinery_pages"."id" = 2  ORDER BY "refinery_pages"."lft")[0m
  [1m[35mRefinery::Page Load (0.0ms)[0m  SELECT  "refinery_pages".* FROM "refinery_pages"  WHERE "refinery_pages"."id" = ? LIMIT 1  [["id", 2]]
  [1m[36mRefinery::PagePart Load (0.0ms)[0m  [1mSELECT "refinery_page_parts".* FROM "refinery_page_parts"  WHERE "refinery_page_parts"."refinery_page_id" = ?  ORDER BY position ASC[0m  [["refinery_page_id", 2]]
  [1m[35mRefinery::PagePart::Translation Load (0.1ms)[0m  SELECT "refinery_page_part_translations".* FROM "refinery_page_part_translations"  WHERE "refinery_page_part_translations"."refinery_page_part_id" IN (3)
  [1m[36mSQL (0.1ms)[0m  [1mUPDATE "refinery_page_parts" SET "position" = 0 WHERE "refinery_page_parts"."id" = 3[0m
  [1m[35m (0.7ms)[0m  commit transaction
  [1m[36mRefinery::Page Load (0.2ms)[0m  [1mSELECT "refinery_pages".* FROM "refinery_pages" INNER JOIN "refinery_page_translations" ON "refinery_page_translations"."refinery_page_id" = "refinery_pages"."id" WHERE "refinery_page_translations"."locale" = 'en' AND "refinery_page_translations"."title" = 'About'[0m
  [1m[35m (0.0ms)[0m  begin transaction
  [1m[36mRefinery::Page::Translation Load (0.2ms)[0m  [1mSELECT "refinery_page_translations".* FROM "refinery_page_translations"  WHERE "refinery_page_translations"."refinery_page_id" = ?[0m  [["refinery_page_id", 3]]
  [1m[35mRefinery::Page Load (0.1ms)[0m  SELECT  "refinery_pages".* FROM "refinery_pages"  WHERE "refinery_pages"."id" = ? LIMIT 1  [["id", 3]]
  [1m[36mRefinery::Page::Translation Load (0.0ms)[0m  [1mSELECT "refinery_page_translations".* FROM "refinery_page_translations"  WHERE "refinery_page_translations"."refinery_page_id" = ?[0m  [["refinery_page_id", 3]]
  [1m[35mSeoMetum Load (0.1ms)[0m  SELECT  "seo_meta".* FROM "seo_meta"  WHERE "seo_meta"."seo_meta_type" = 'Refinery::Page::Translation' AND "seo_meta"."seo_meta_id" = 3  ORDER BY "seo_meta"."id" ASC LIMIT 1
  [1m[36mSeoMetum Load (0.1ms)[0m  [1mSELECT  "seo_meta".* FROM "seo_meta"  WHERE "seo_meta"."seo_meta_type" = 'Refinery::Page::Translation' AND "seo_meta"."seo_meta_id" = 3  ORDER BY "seo_meta"."id" ASC LIMIT 1[0m
  [1m[35mRefinery::PagePart Load (0.1ms)[0m  SELECT "refinery_page_parts".* FROM "refinery_page_parts"  WHERE "refinery_page_parts"."refinery_page_id" = ?  ORDER BY position ASC  [["refinery_page_id", 3]]
  [1m[36mRefinery::PagePart::Translation Load (0.1ms)[0m  [1mSELECT "refinery_page_part_translations".* FROM "refinery_page_part_translations"  WHERE "refinery_page_part_translations"."refinery_page_part_id" IN (4, 5)[0m
  [1m[35mRefinery::PagePart Load (0.1ms)[0m  SELECT "refinery_page_parts".* FROM "refinery_page_parts"  WHERE "refinery_page_parts"."refinery_page_id" = ?  ORDER BY position ASC  [["refinery_page_id", 3]]
  [1m[36mRefinery::PagePart::Translation Load (0.1ms)[0m  [1mSELECT "refinery_page_part_translations".* FROM "refinery_page_part_translations"  WHERE "refinery_page_part_translations"."refinery_page_part_id" IN (4, 5)[0m
  [1m[35mRefinery::Page Load (0.1ms)[0m  SELECT  "refinery_pages".* FROM "refinery_pages"  WHERE "refinery_pages"."id" = ? LIMIT 1  [["id", 3]]
  [1m[36mSQL (0.2ms)[0m  [1mUPDATE "refinery_pages" SET "updated_at" = '2015-07-09 19:02:59.482536' WHERE "refinery_pages"."id" = 3[0m
  [1m[35mRefinery::Page Load (0.0ms)[0m  SELECT  "refinery_pages".* FROM "refinery_pages"  WHERE "refinery_pages"."id" = ? LIMIT 1  [["id", 3]]
  [1m[36mSQL (0.2ms)[0m  [1mUPDATE "refinery_pages" SET "depth" = 0 WHERE "refinery_pages"."id" IN (SELECT "refinery_pages"."id" FROM "refinery_pages"  WHERE "refinery_pages"."id" = 3  ORDER BY "refinery_pages"."lft")[0m
  [1m[35mRefinery::Page Load (0.0ms)[0m  SELECT  "refinery_pages".* FROM "refinery_pages"  WHERE "refinery_pages"."id" = ? LIMIT 1  [["id", 3]]
  [1m[36mRefinery::PagePart Load (0.1ms)[0m  [1mSELECT "refinery_page_parts".* FROM "refinery_page_parts"  WHERE "refinery_page_parts"."refinery_page_id" = ?  ORDER BY position ASC[0m  [["refinery_page_id", 3]]
  [1m[35mRefinery::PagePart::Translation Load (0.1ms)[0m  SELECT "refinery_page_part_translations".* FROM "refinery_page_part_translations"  WHERE "refinery_page_part_translations"."refinery_page_part_id" IN (4, 5)
  [1m[36mSQL (0.1ms)[0m  [1mUPDATE "refinery_page_parts" SET "position" = 0 WHERE "refinery_page_parts"."id" = 4[0m
  [1m[35mSQL (0.0ms)[0m  UPDATE "refinery_page_parts" SET "position" = 1 WHERE "refinery_page_parts"."id" = 5
  [1m[36m (0.7ms)[0m  [1mcommit transaction[0m


Started GET "/" for 127.0.0.1 at 2015-07-09 14:06:11 -0500
  [1m[36mActiveRecord::SchemaMigration Load (0.1ms)[0m  [1mSELECT "schema_migrations".* FROM "schema_migrations"[0m
Processing by Refinery::PagesController#home as HTML
  Parameters: {"locale"=>:en}
  [1m[35mRefinery::Page Load (0.1ms)[0m  SELECT  "refinery_pages".* FROM "refinery_pages"  WHERE "refinery_pages"."link_url" = '/'  ORDER BY "refinery_pages"."id" ASC LIMIT 1
  [1m[36mRefinery::Page::Translation Load (0.2ms)[0m  [1mSELECT "refinery_page_translations".* FROM "refinery_page_translations"  WHERE "refinery_page_translations"."refinery_page_id" = ?[0m  [["refinery_page_id", 1]]
  [1m[35mRefinery::PagePart Load (0.2ms)[0m  SELECT "refinery_page_parts".* FROM "refinery_page_parts"  WHERE "refinery_page_parts"."refinery_page_id" = ?  ORDER BY position ASC  [["refinery_page_id", 1]]
  [1m[36mRefinery::PagePart::Translation Load (0.2ms)[0m  [1mSELECT "refinery_page_part_translations".* FROM "refinery_page_part_translations"  WHERE "refinery_page_part_translations"."refinery_page_part_id" IN (1, 2)[0m
  Rendered /Users/test4echo/.rvm/gems/ruby-2.0.0-p643/bundler/gems/refinerycms-0bbbc54f7910/core/app/views/refinery/_content_page.html.erb (96.4ms)
  Rendered /Users/test4echo/.rvm/gems/ruby-2.0.0-p643/bundler/gems/refinerycms-0bbbc54f7910/pages/app/views/refinery/pages/home.html.erb within layouts/application (103.2ms)
  Rendered /Users/test4echo/.rvm/gems/ruby-2.0.0-p643/bundler/gems/refinerycms-0bbbc54f7910/core/app/views/refinery/_html_tag.html.erb (0.5ms)
  Rendered /Users/test4echo/.rvm/gems/ruby-2.0.0-p643/bundler/gems/refinerycms-0bbbc54f7910/core/app/views/refinery/_site_bar.html.erb (4.3ms)
  [1m[35mSeoMetum Load (0.1ms)[0m  SELECT  "seo_meta".* FROM "seo_meta"  WHERE "seo_meta"."seo_meta_type" = 'Refinery::Page::Translation' AND "seo_meta"."seo_meta_id" = 1  ORDER BY "seo_meta"."id" ASC LIMIT 1
  Rendered /Users/test4echo/.rvm/gems/ruby-2.0.0-p643/bundler/gems/refinerycms-0bbbc54f7910/core/app/views/refinery/_google_analytics.html.erb (0.7ms)
  Rendered /Users/test4echo/.rvm/gems/ruby-2.0.0-p643/bundler/gems/refinerycms-0bbbc54f7910/core/app/views/refinery/_head.html.erb (78.6ms)
  [1m[36mSQL (0.3ms)[0m  [1mSELECT "refinery_pages"."id" AS t0_r0, "refinery_pages"."parent_id" AS t0_r1, "refinery_pages"."path" AS t0_r2, "refinery_pages"."slug" AS t0_r3, "refinery_pages"."custom_slug" AS t0_r4, "refinery_pages"."show_in_menu" AS t0_r5, "refinery_pages"."link_url" AS t0_r6, "refinery_pages"."menu_match" AS t0_r7, "refinery_pages"."deletable" AS t0_r8, "refinery_pages"."draft" AS t0_r9, "refinery_pages"."skip_to_first_child" AS t0_r10, "refinery_pages"."lft" AS t0_r11, "refinery_pages"."rgt" AS t0_r12, "refinery_pages"."depth" AS t0_r13, "refinery_pages"."view_template" AS t0_r14, "refinery_pages"."layout_template" AS t0_r15, "refinery_pages"."created_at" AS t0_r16, "refinery_pages"."updated_at" AS t0_r17, "parents_refinery_pages"."id" AS t1_r0, "parents_refinery_pages"."parent_id" AS t1_r1, "parents_refinery_pages"."path" AS t1_r2, "parents_refinery_pages"."slug" AS t1_r3, "parents_refinery_pages"."custom_slug" AS t1_r4, "parents_refinery_pages"."show_in_menu" AS t1_r5, "parents_refinery_pages"."link_url" AS t1_r6, "parents_refinery_pages"."menu_match" AS t1_r7, "parents_refinery_pages"."deletable" AS t1_r8, "parents_refinery_pages"."draft" AS t1_r9, "parents_refinery_pages"."skip_to_first_child" AS t1_r10, "parents_refinery_pages"."lft" AS t1_r11, "parents_refinery_pages"."rgt" AS t1_r12, "parents_refinery_pages"."depth" AS t1_r13, "parents_refinery_pages"."view_template" AS t1_r14, "parents_refinery_pages"."layout_template" AS t1_r15, "parents_refinery_pages"."created_at" AS t1_r16, "parents_refinery_pages"."updated_at" AS t1_r17, "refinery_page_translations"."id" AS t2_r0, "refinery_page_translations"."refinery_page_id" AS t2_r1, "refinery_page_translations"."locale" AS t2_r2, "refinery_page_translations"."created_at" AS t2_r3, "refinery_page_translations"."updated_at" AS t2_r4, "refinery_page_translations"."title" AS t2_r5, "refinery_page_translations"."custom_slug" AS t2_r6, "refinery_page_translations"."menu_title" AS t2_r7, "refinery_page_translations"."slug" AS t2_r8 FROM "refinery_pages" INNER JOIN "refinery_page_translations" ON "refinery_page_translations"."refinery_page_id" = "refinery_pages"."id" LEFT OUTER JOIN "refinery_pages" "parents_refinery_pages" ON "parents_refinery_pages"."id" = "refinery_pages"."parent_id" WHERE "refinery_pages"."draft" = 'f' AND "refinery_pages"."show_in_menu" = 't' AND "refinery_page_translations"."locale" = 'en'  ORDER BY "refinery_pages"."lft"[0m
  Rendered /Users/test4echo/.rvm/gems/ruby-2.0.0-p643/bundler/gems/refinerycms-0bbbc54f7910/core/app/views/refinery/_header.html.erb (26.4ms)
  Rendered /Users/test4echo/.rvm/gems/ruby-2.0.0-p643/bundler/gems/refinerycms-0bbbc54f7910/core/app/views/refinery/_footer.html.erb (1.1ms)
  Rendered /Users/test4echo/.rvm/gems/ruby-2.0.0-p643/bundler/gems/refinerycms-0bbbc54f7910/core/app/views/refinery/_javascripts.html.erb (1144.6ms)
Completed 200 OK in 1471ms (Views: 1440.7ms | ActiveRecord: 2.9ms)


Started GET "/about" for 127.0.0.1 at 2015-07-09 14:06:38 -0500
Processing by Refinery::PagesController#show as HTML
  Parameters: {"path"=>"about", "locale"=>:en}
  [1m[35mRefinery::Page Load (0.3ms)[0m  SELECT  "refinery_pages".* FROM "refinery_pages" INNER JOIN "refinery_page_translations" ON "refinery_page_translations"."refinery_page_id" = "refinery_pages"."id" WHERE "refinery_pages"."parent_id" IS NULL AND "refinery_page_translations"."locale" IN ('en') AND "refinery_page_translations"."slug" = 'about'  ORDER BY "refinery_pages"."id" ASC LIMIT 1
  [1m[36mRefinery::Page::Translation Load (0.1ms)[0m  [1mSELECT "refinery_page_translations".* FROM "refinery_page_translations"  WHERE "refinery_page_translations"."refinery_page_id" = ?[0m  [["refinery_page_id", 3]]
  [1m[35mRefinery::Page Load (0.3ms)[0m  SELECT  "refinery_pages".* FROM "refinery_pages"  WHERE ("refinery_pages"."lft" <= 5) AND ("refinery_pages"."rgt" >= 6) AND "refinery_pages"."parent_id" IS NULL  ORDER BY "refinery_pages"."lft" LIMIT 1
  [1m[36mCACHE (0.0ms)[0m  [1mSELECT "refinery_page_translations".* FROM "refinery_page_translations"  WHERE "refinery_page_translations"."refinery_page_id" = ?[0m  [["refinery_page_id", 3]]
  [1m[35mRefinery::PagePart Load (0.2ms)[0m  SELECT "refinery_page_parts".* FROM "refinery_page_parts"  WHERE "refinery_page_parts"."refinery_page_id" = ?  ORDER BY position ASC  [["refinery_page_id", 3]]
  [1m[36mRefinery::PagePart::Translation Load (0.3ms)[0m  [1mSELECT "refinery_page_part_translations".* FROM "refinery_page_part_translations"  WHERE "refinery_page_part_translations"."refinery_page_part_id" IN (4, 5)[0m
  Rendered /Users/test4echo/.rvm/gems/ruby-2.0.0-p643/bundler/gems/refinerycms-0bbbc54f7910/core/app/views/refinery/_content_page.html.erb (8.1ms)
  Rendered /Users/test4echo/.rvm/gems/ruby-2.0.0-p643/bundler/gems/refinerycms-0bbbc54f7910/pages/app/views/refinery/pages/show.html.erb within layouts/application (14.5ms)
  Rendered /Users/test4echo/.rvm/gems/ruby-2.0.0-p643/bundler/gems/refinerycms-0bbbc54f7910/core/app/views/refinery/_html_tag.html.erb (0.8ms)
  Rendered /Users/test4echo/.rvm/gems/ruby-2.0.0-p643/bundler/gems/refinerycms-0bbbc54f7910/core/app/views/refinery/_site_bar.html.erb (1.0ms)
  [1m[35mSeoMetum Load (0.2ms)[0m  SELECT  "seo_meta".* FROM "seo_meta"  WHERE "seo_meta"."seo_meta_type" = 'Refinery::Page::Translation' AND "seo_meta"."seo_meta_id" = 3  ORDER BY "seo_meta"."id" ASC LIMIT 1
  Rendered /Users/test4echo/.rvm/gems/ruby-2.0.0-p643/bundler/gems/refinerycms-0bbbc54f7910/core/app/views/refinery/_google_analytics.html.erb (0.5ms)
  Rendered /Users/test4echo/.rvm/gems/ruby-2.0.0-p643/bundler/gems/refinerycms-0bbbc54f7910/core/app/views/refinery/_head.html.erb (24.8ms)
  [1m[36mSQL (0.4ms)[0m  [1mSELECT "refinery_pages"."id" AS t0_r0, "refinery_pages"."parent_id" AS t0_r1, "refinery_pages"."path" AS t0_r2, "refinery_pages"."slug" AS t0_r3, "refinery_pages"."custom_slug" AS t0_r4, "refinery_pages"."show_in_menu" AS t0_r5, "refinery_pages"."link_url" AS t0_r6, "refinery_pages"."menu_match" AS t0_r7, "refinery_pages"."deletable" AS t0_r8, "refinery_pages"."draft" AS t0_r9, "refinery_pages"."skip_to_first_child" AS t0_r10, "refinery_pages"."lft" AS t0_r11, "refinery_pages"."rgt" AS t0_r12, "refinery_pages"."depth" AS t0_r13, "refinery_pages"."view_template" AS t0_r14, "refinery_pages"."layout_template" AS t0_r15, "refinery_pages"."created_at" AS t0_r16, "refinery_pages"."updated_at" AS t0_r17, "parents_refinery_pages"."id" AS t1_r0, "parents_refinery_pages"."parent_id" AS t1_r1, "parents_refinery_pages"."path" AS t1_r2, "parents_refinery_pages"."slug" AS t1_r3, "parents_refinery_pages"."custom_slug" AS t1_r4, "parents_refinery_pages"."show_in_menu" AS t1_r5, "parents_refinery_pages"."link_url" AS t1_r6, "parents_refinery_pages"."menu_match" AS t1_r7, "parents_refinery_pages"."deletable" AS t1_r8, "parents_refinery_pages"."draft" AS t1_r9, "parents_refinery_pages"."skip_to_first_child" AS t1_r10, "parents_refinery_pages"."lft" AS t1_r11, "parents_refinery_pages"."rgt" AS t1_r12, "parents_refinery_pages"."depth" AS t1_r13, "parents_refinery_pages"."view_template" AS t1_r14, "parents_refinery_pages"."layout_template" AS t1_r15, "parents_refinery_pages"."created_at" AS t1_r16, "parents_refinery_pages"."updated_at" AS t1_r17, "refinery_page_translations"."id" AS t2_r0, "refinery_page_translations"."refinery_page_id" AS t2_r1, "refinery_page_translations"."locale" AS t2_r2, "refinery_page_translations"."created_at" AS t2_r3, "refinery_page_translations"."updated_at" AS t2_r4, "refinery_page_translations"."title" AS t2_r5, "refinery_page_translations"."custom_slug" AS t2_r6, "refinery_page_translations"."menu_title" AS t2_r7, "refinery_page_translations"."slug" AS t2_r8 FROM "refinery_pages" INNER JOIN "refinery_page_translations" ON "refinery_page_translations"."refinery_page_id" = "refinery_pages"."id" LEFT OUTER JOIN "refinery_pages" "parents_refinery_pages" ON "parents_refinery_pages"."id" = "refinery_pages"."parent_id" WHERE "refinery_pages"."draft" = 'f' AND "refinery_pages"."show_in_menu" = 't' AND "refinery_page_translations"."locale" = 'en'  ORDER BY "refinery_pages"."lft"[0m
  Rendered /Users/test4echo/.rvm/gems/ruby-2.0.0-p643/bundler/gems/refinerycms-0bbbc54f7910/core/app/views/refinery/_header.html.erb (23.1ms)
  Rendered /Users/test4echo/.rvm/gems/ruby-2.0.0-p643/bundler/gems/refinerycms-0bbbc54f7910/core/app/views/refinery/_footer.html.erb (0.7ms)
  Rendered /Users/test4echo/.rvm/gems/ruby-2.0.0-p643/bundler/gems/refinerycms-0bbbc54f7910/core/app/views/refinery/_javascripts.html.erb (25.0ms)
Completed 200 OK in 144ms (Views: 133.3ms | ActiveRecord: 1.8ms)


Started GET "/refinery" for 127.0.0.1 at 2015-07-09 14:07:02 -0500
Processing by Refinery::Admin::CoreController#index as HTML
  Parameters: {"locale"=>:en}
  [1m[35mRefinery::Role Load (0.4ms)[0m  SELECT  "refinery_roles".* FROM "refinery_roles"  WHERE "refinery_roles"."title" = 'Refinery'  ORDER BY "refinery_roles"."id" ASC LIMIT 1
  [1m[36m (0.1ms)[0m  [1mbegin transaction[0m
  [1m[35mRefinery::Role Exists (0.2ms)[0m  SELECT  1 AS one FROM "refinery_roles"  WHERE "refinery_roles"."title" = 'Refinery' LIMIT 1
  [1m[36mSQL (0.4ms)[0m  [1mINSERT INTO "refinery_roles" ("title") VALUES (?)[0m  [["title", "Refinery"]]
  [1m[35m (0.8ms)[0m  commit transaction
  [1m[36mRefinery::User Exists (0.6ms)[0m  [1mSELECT  1 AS one FROM "refinery_users" INNER JOIN "refinery_roles_users" ON "refinery_users"."id" = "refinery_roles_users"."user_id" WHERE "refinery_roles_users"."role_id" = ? LIMIT 1[0m  [["role_id", 1]]
Redirected to http://localhost:3000/refinery/users/register
Filter chain halted as :require_refinery_users! rendered or redirected
Completed 302 Found in 75ms (ActiveRecord: 3.1ms)


Started GET "/refinery/users/register" for 127.0.0.1 at 2015-07-09 14:07:03 -0500
Processing by Refinery::UsersController#new as HTML
  Parameters: {"locale"=>:en}
  [1m[35mRefinery::Role Load (0.2ms)[0m  SELECT  "refinery_roles".* FROM "refinery_roles"  WHERE "refinery_roles"."title" = 'Refinery'  ORDER BY "refinery_roles"."id" ASC LIMIT 1
  [1m[36mRefinery::User Exists (0.1ms)[0m  [1mSELECT  1 AS one FROM "refinery_users" INNER JOIN "refinery_roles_users" ON "refinery_users"."id" = "refinery_roles_users"."user_id" WHERE "refinery_roles_users"."role_id" = ? LIMIT 1[0m  [["role_id", 1]]
  Rendered /Users/test4echo/.rvm/gems/ruby-2.0.0-p643/bundler/gems/refinerycms-0bbbc54f7910/core/app/views/refinery/admin/_error_messages.html.erb (0.6ms)
  Rendered /Users/test4echo/.rvm/gems/ruby-2.0.0-p643/bundler/gems/refinerycms-0bbbc54f7910/core/app/views/refinery/admin/_form_actions.html.erb (1.1ms)
  Rendered /Users/test4echo/.rvm/gems/ruby-2.0.0-p643/bundler/gems/refinerycms-0bbbc54f7910/authentication/app/views/refinery/users/new.html.erb within refinery/layouts/login (29.0ms)
  Rendered /Users/test4echo/.rvm/gems/ruby-2.0.0-p643/bundler/gems/refinerycms-0bbbc54f7910/core/app/views/refinery/_html_tag.html.erb (0.1ms)
  Rendered /Users/test4echo/.rvm/gems/ruby-2.0.0-p643/bundler/gems/refinerycms-0bbbc54f7910/core/app/views/refinery/admin/_javascripts.html.erb (1100.2ms)
  Rendered /Users/test4echo/.rvm/gems/ruby-2.0.0-p643/bundler/gems/refinerycms-0bbbc54f7910/core/app/views/refinery/admin/_head.html.erb (3045.6ms)
  Rendered /Users/test4echo/.rvm/gems/ruby-2.0.0-p643/bundler/gems/refinerycms-0bbbc54f7910/core/app/views/refinery/_message.html.erb (0.6ms)
Completed 200 OK in 3096ms (Views: 3091.4ms | ActiveRecord: 0.3ms)
